<?xml version="1.0" encoding="UTF-8"?>
<testsuite name="org.gpc.auth.adapters.out.mysql.MysqlUserRepositoryImplTest" tests="2" skipped="0" failures="0" errors="0" timestamp="2026-01-15T14:11:08" hostname="Mac.lan" time="0.083">
  <properties/>
  <testcase name="getGet()" classname="org.gpc.auth.adapters.out.mysql.MysqlUserRepositoryImplTest" time="0.006"/>
  <testcase name="saveAuthUser()" classname="org.gpc.auth.adapters.out.mysql.MysqlUserRepositoryImplTest" time="0.076"/>
  <system-out><![CDATA[2026-01-15T09:11:03.102-05:00  INFO 2449 --- [    Test worker] tc.mysql:8.0                             : Creating container for image: mysql:8.0
2026-01-15T09:11:03.151-05:00  INFO 2449 --- [    Test worker] tc.mysql:8.0                             : Container mysql:8.0 is starting: deb2bd60a7fc7fe074ac928c15f14b1f9c4334dfec266dcec0f8c170e5b60b4b
2026-01-15T09:11:03.259-05:00  INFO 2449 --- [    Test worker] tc.mysql:8.0                             : Waiting for database connection to become available at jdbc:mysql://localhost:50515/test using query 'SELECT 1'
2026-01-15T09:11:08.481-05:00  INFO 2449 --- [    Test worker] tc.mysql:8.0                             : Container mysql:8.0 started in PT5.37908S
2026-01-15T09:11:08.481-05:00  INFO 2449 --- [    Test worker] tc.mysql:8.0                             : Container is started (JDBC URL: jdbc:mysql://localhost:50515/test)
2026-01-15T09:11:08.482-05:00  INFO 2449 --- [    Test worker] t.c.s.AnnotationConfigContextLoaderUtils : Could not detect default configuration classes for test class [org.gpc.auth.adapters.out.mysql.MysqlUserRepositoryImplTest]: MysqlUserRepositoryImplTest does not declare any static, non-private, non-final, nested classes annotated with @Configuration.
2026-01-15T09:11:08.488-05:00  INFO 2449 --- [    Test worker] .b.t.c.SpringBootTestContextBootstrapper : Found @SpringBootConfiguration org.gpc.auth.Application for test class org.gpc.auth.adapters.out.mysql.MysqlUserRepositoryImplTest

  .   ____          _            __ _ _
 /\\ / ___'_ __ _ _(_)_ __  __ _ \ \ \ \
( ( )\___ | '_ | '_| | '_ \/ _` | \ \ \ \
 \\/  ___)| |_)| | | | | || (_| |  ) ) ) )
  '  |____| .__|_| |_|_| |_\__, | / / / /
 =========|_|==============|___/=/_/_/_/
 :: Spring Boot ::                (v3.2.4)

2026-01-15T09:11:08.505-05:00  INFO 2449 --- [    Test worker] o.g.a.a.o.m.MysqlUserRepositoryImplTest  : Starting MysqlUserRepositoryImplTest using Java 17.0.16 with PID 2449 (started by dracarys in /Users/dracarys/genopolis/GenopolisUsers/infra)
2026-01-15T09:11:08.505-05:00  INFO 2449 --- [    Test worker] o.g.a.a.o.m.MysqlUserRepositoryImplTest  : No active profile set, falling back to 1 default profile: "default"
2026-01-15T09:11:08.560-05:00  INFO 2449 --- [    Test worker] .s.d.r.c.RepositoryConfigurationDelegate : Bootstrapping Spring Data JPA repositories in DEFAULT mode.
2026-01-15T09:11:08.563-05:00  INFO 2449 --- [    Test worker] .s.d.r.c.RepositoryConfigurationDelegate : Finished Spring Data repository scanning in 3 ms. Found 1 JPA repository interface.
2026-01-15T09:11:08.586-05:00  INFO 2449 --- [    Test worker] o.hibernate.jpa.internal.util.LogHelper  : HHH000204: Processing PersistenceUnitInfo [name: default]
2026-01-15T09:11:08.586-05:00  INFO 2449 --- [    Test worker] o.h.c.internal.RegionFactoryInitiator    : HHH000026: Second-level cache disabled
2026-01-15T09:11:08.588-05:00  INFO 2449 --- [    Test worker] o.s.o.j.p.SpringPersistenceUnitInfo      : No LoadTimeWeaver setup: ignoring JPA class transformer
2026-01-15T09:11:08.588-05:00  INFO 2449 --- [    Test worker] com.zaxxer.hikari.HikariDataSource       : HikariPool-2 - Starting...
2026-01-15T09:11:08.597-05:00  INFO 2449 --- [    Test worker] com.zaxxer.hikari.pool.HikariPool        : HikariPool-2 - Added connection com.mysql.cj.jdbc.ConnectionImpl@39da0e47
2026-01-15T09:11:08.597-05:00  INFO 2449 --- [    Test worker] com.zaxxer.hikari.HikariDataSource       : HikariPool-2 - Start completed.
2026-01-15T09:11:08.609-05:00  INFO 2449 --- [    Test worker] o.h.e.t.j.p.i.JtaPlatformInitiator       : HHH000489: No JTA platform available (set 'hibernate.transaction.jta.platform' to enable JTA platform integration)
2026-01-15T09:11:08.647-05:00  INFO 2449 --- [    Test worker] j.LocalContainerEntityManagerFactoryBean : Initialized JPA EntityManagerFactory for persistence unit 'default'
2026-01-15T09:11:08.680-05:00  WARN 2449 --- [    Test worker] JpaBaseConfiguration$JpaWebConfiguration : spring.jpa.open-in-view is enabled by default. Therefore, database queries may be performed during view rendering. Explicitly configure spring.jpa.open-in-view to disable this warning
2026-01-15T09:11:08.713-05:00  INFO 2449 --- [    Test worker] o.g.a.a.o.m.MysqlUserRepositoryImplTest  : Started MysqlUserRepositoryImplTest in 0.217 seconds (process running for 14.062)
]]></system-out>
  <system-err><![CDATA[]]></system-err>
</testsuite>
